0	1	mikroCARM.exe -MSF -DBG -pSTM32F107VC -UICD -RA -BIN -LHF -C -DL -SSA -O11111114 -fo72 -N"C:\Users\katarina.perendic\Desktop\Angle_4_Click\example\c\ARM\STM\Click_Angle4_STM.mcpar" -SP"C:\Users\Public\Documents\Mikroelektronika\mikroC PRO for ARM\Defs\" -SP"C:\Users\Public\Documents\Mikroelektronika\mikroC PRO for ARM\Uses\ST M3\" -SP"C:\Users\katarina.perendic\Desktop\Angle_4_Click\example\c\ARM\STM\" -SP"C:\Users\katarina.perendic\Desktop\Angle_4_Click\library\HAL\" -SP"C:\Users\katarina.perendic\Desktop\Angle_4_Click\library\" -SP"C:\Users\Public\Documents\Mikroelektronika\mikroC PRO for ARM\Packages\mikroBUS Board Definition API\Uses\" -IP"C:\Users\Public\Documents\Mikroelektronika\mikroC PRO for ARM\Uses\TI M3\" -IP"C:\Users\katarina.perendic\Desktop\Angle_4_Click\example\c\ARM\STM\" -IP"C:\Users\katarina.perendic\Desktop\Angle_4_Click\library\" -IP"C:\Users\katarina.perendic\Desktop\Angle_4_Click\library\HAL\" -IP"C:\Users\Public\Documents\Mikroelektronika\mikroC PRO for ARM\Packages\mikroBUS Board Definition API\Uses\" "Click_Angle4_STM.c" "__angle4_driver.c" "__Lib_Math.emcl" "__Lib_MathDouble.emcl" "__Lib_Delays.emcl" "__Lib_System_105_107.emcl" "__Lib_GPIO_32F10x_Defs.emcl" "__Lib_GPIO_32F10x.emcl" "__Lib_CString.emcl" "__Lib_Conversions.emcl" "__Lib_SPI_123.emcl" "__Lib_UART_123_45.emcl" "easymx_v7_STM32F107VC.emcl" "Click_Angle4.pld"	 
diagnostics: 0	122	Compilation Started	STM32F107VC.c
diagnostics: 38838	123	Compiled Successfully	STM32F107VC.c
diagnostics: 0	122	Compilation Started	__Lib_Delays.c
diagnostics: 118	123	Compiled Successfully	__Lib_Delays.c
hint: 66	1164	Variable 'cycles_div_by_10' has been eliminated by optimizer	__Lib_Delays.c
hint: 87	1164	Variable 'NumberOfCyc' has been eliminated by optimizer	__Lib_Delays.c
hint: 104	1164	Variable 'NumberOfCyc' has been eliminated by optimizer	__Lib_Delays.c
diagnostics: 0	122	Compilation Started	__lib_gpio.h
diagnostics: 814	123	Compiled Successfully	__Lib_GPIO_32F10x_Defs.c
diagnostics: 0	122	Compilation Started	stdint.h
diagnostics: 349	123	Compiled Successfully	easymx_v7_STM32F107VC.c
diagnostics: 0	122	Compilation Started	stdint.h
diagnostics: 82	123	Compiled Successfully	Click_Angle4_STM.c
diagnostics: 0	122	Compilation Started	stdint.h
diagnostics: 251	123	Compiled Successfully	__angle4_driver.c
hint: 323	1164	Variable 'tmp' has been eliminated by optimizer	__angle4_driver.c
hint: 35	1164	Variable 'tmp' has been eliminated by optimizer	__angle4_driver.c
diagnostics: 0	127	All files Compiled in 94 ms	 
hint: 0	1144	Used RX: 16 (100%)   Free RX: 0 (0%)	Used RX: 16 (100%)   Free RX: 0 (0%)
hint: 0	1144	Static RAM (bytes): 140   Dynamic RAM (bytes): 65393	Static RAM (bytes): 140   Dynamic RAM (bytes): 65393
hint: 0	1144	Used ROM (bytes): 7713 (3%)  Free ROM (bytes): 254431 (97%)	Used ROM (bytes): 7713 (3%)  Free ROM (bytes): 254431 (97%)
diagnostics: 0	125	Project Linked Successfully	Click_Angle4_STM.mcpar
diagnostics: 0	128	Linked in 234 ms	 
diagnostics: 0	129	Project 'Click_Angle4_STM.mcpar' completed: 1109 ms	 
diagnostics: 0	103	Finished successfully: 10 jul 2018, 10:14:08	Click_Angle4_STM.mcpar
