0	1	mikroCARM.exe -MSF -DBG -pMK64FN1M0XXX12 -RA -BIN -C -DL -SSA -O11111114 -fo120 -N"C:\Users\katarina.perendic\Desktop\Angle_4_Click\example\c\ARM\KINETIS\Click_Angle4_KINETIS.mcpar" -SP"C:\Users\Public\Documents\Mikroelektronika\mikroC PRO for ARM\Defs\" -SP"C:\Users\Public\Documents\Mikroelektronika\mikroC PRO for ARM\Uses\NXP M4\" -SP"C:\Users\katarina.perendic\Desktop\Angle_4_Click\example\c\ARM\KINETIS\" -SP"C:\Users\katarina.perendic\Desktop\Angle_4_Click\library\HAL\" -SP"C:\Users\katarina.perendic\Desktop\Angle_4_Click\library\" -IP"C:\Users\Public\Documents\Mikroelektronika\mikroC PRO for ARM\Uses\NXP M4\" -IP"C:\Users\katarina.perendic\Desktop\Angle_4_Click\example\c\ARM\KINETIS\" -IP"C:\Users\katarina.perendic\Desktop\Angle_4_Click\library\" -IP"C:\Users\katarina.perendic\Desktop\Angle_4_Click\library\HAL\" "Click_Angle4_KINETIS.c" "__angle4_driver.c" "__Lib_Math.emcl" "__Lib_MathDouble.emcl" "__Lib_Delays.emcl" "__Lib_System.emcl" "__Lib_GPIO_MK64_Defs.emcl" "__Lib_GPIO.emcl" "__Lib_SPI_012.emcl" "Click_Angle4.pld"	 
diagnostics: 0	122	Compilation Started	MK64FN1M0XXX12.c
diagnostics: 71921	123	Compiled Successfully	MK64FN1M0XXX12.c
diagnostics: 0	122	Compilation Started	__Lib_Delays.c
diagnostics: 119	123	Compiled Successfully	__Lib_Delays.c
hint: 66	1164	Variable 'cycles_div_by_10' has been eliminated by optimizer	__Lib_Delays.c
hint: 88	1164	Variable 'NumberOfCyc' has been eliminated by optimizer	__Lib_Delays.c
hint: 105	1164	Variable 'NumberOfCyc' has been eliminated by optimizer	__Lib_Delays.c
diagnostics: 0	122	Compilation Started	__lib_gpio.h
diagnostics: 812	123	Compiled Successfully	__Lib_GPIO_MK64_Defs.c
diagnostics: 0	122	Compilation Started	stdint.h
error: 33	324	Undeclared identifier 'mikrobus_gpioInit' in expression	Click_Angle4_KINETIS.c
error: 34	324	Undeclared identifier 'mikrobus_spiInit' in expression	Click_Angle4_KINETIS.c
error: 35	324	Undeclared identifier 'mikrobus_logInit' in expression	Click_Angle4_KINETIS.c
error: 36	324	Undeclared identifier 'mikrobus_logWrite' in expression	Click_Angle4_KINETIS.c
diagnostics: 0	122	Compilation Started	stdint.h
diagnostics: 251	123	Compiled Successfully	__angle4_driver.c
hint: 323	1164	Variable 'tmp' has been eliminated by optimizer	__angle4_driver.c
hint: 35	1164	Variable 'tmp' has been eliminated by optimizer	__angle4_driver.c
error: 0	102	Finished (with errors): 10 jul 2018, 10:30:43	Click_Angle4_KINETIS.mcpar
